[debug] [2019-01-23T20:26:47.580Z] ----------------------------------------------------------------------
[debug] [2019-01-23T20:26:47.582Z] Command:       C:\Program Files\nodejs\node.exe C:\Users\vince\AppData\Roaming\npm\node_modules\firebase-tools\lib\bin\firebase.js serve
[debug] [2019-01-23T20:26:47.583Z] CLI Version:   6.3.0
[debug] [2019-01-23T20:26:47.583Z] Platform:      win32
[debug] [2019-01-23T20:26:47.583Z] Node Version:  v10.14.1
[debug] [2019-01-23T20:26:47.584Z] Time:          Wed Jan 23 2019 20:26:47 GMT+0000 (Greenwich Mean Time)
[debug] [2019-01-23T20:26:47.584Z] ----------------------------------------------------------------------
[debug] 
[debug] [2019-01-23T20:26:47.592Z] > command requires scopes: ["email","openid","https://www.googleapis.com/auth/cloudplatformprojects.readonly","https://www.googleapis.com/auth/firebase","https://www.googleapis.com/auth/cloud-platform"]
[debug] [2019-01-23T20:26:47.593Z] > authorizing via signed-in user
[debug] [2019-01-23T20:26:47.593Z] [iam] checking project smart-home-pwa for permissions ["firebase.projects.get"]
[debug] [2019-01-23T20:26:47.595Z] > refreshing access token with scopes: ["email","https://www.googleapis.com/auth/cloud-platform","https://www.googleapis.com/auth/cloudplatformprojects.readonly","https://www.googleapis.com/auth/firebase","openid"]
[debug] [2019-01-23T20:26:47.595Z] >>> HTTP REQUEST POST https://www.googleapis.com/oauth2/v3/token  
 <request body omitted>
[debug] [2019-01-23T20:26:47.829Z] <<< HTTP RESPONSE 200
[debug] [2019-01-23T20:26:47.834Z] >>> HTTP REQUEST POST https://cloudresourcemanager.googleapis.com/v1/projects/smart-home-pwa:testIamPermissions  

[debug] [2019-01-23T20:26:48.625Z] <<< HTTP RESPONSE 200
[debug] [2019-01-23T20:26:48.626Z] >>> HTTP REQUEST GET https://cloudresourcemanager.googleapis.com/v1/projects/smart-home-pwa  
 
[debug] [2019-01-23T20:26:49.408Z] <<< HTTP RESPONSE 200
[info] 
[info] === Serving from 'C:\Users\vince\Documents\CMP\UEA 3\Project\smart_home_pwa'...
[info] 
[debug] [2019-01-23T20:26:49.413Z] >>> HTTP REQUEST GET https://mobilesdk-pa.googleapis.com/v1/projects/940731683055/clients/_:getWebAppConfig  
 
[debug] [2019-01-23T20:26:50.406Z] <<< HTTP RESPONSE 200
[info] i  hosting: Serving hosting files from: public
[info] +  hosting: Local server: http://localhost:5000
